Scanning apache...
  [1/62] Fetched 50/3093 repos (cost: 1 point, remaining: 4285)
  [2/62] Fetched 100/3093 repos (cost: 1 point, remaining: 4283)
  [3/62] Fetched 150/3093 repos (cost: 1 point, remaining: 4281)
  [4/62] Fetched 200/3093 repos (cost: 1 point, remaining: 4279)
  [5/62] Fetched 250/3093 repos (cost: 1 point, remaining: 4264)
  [6/62] Fetched 300/3093 repos (cost: 1 point, remaining: 4259)
  [7/62] Fetched 350/3093 repos (cost: 1 point, remaining: 4254)
  [8/62] Fetched 400/3093 repos (cost: 1 point, remaining: 4246)
  [9/62] Fetched 450/3093 repos (cost: 1 point, remaining: 4245)
  [10/62] Fetched 500/3093 repos (cost: 1 point, remaining: 4242)
  [11/62] Fetched 550/3093 repos (cost: 1 point, remaining: 4238)
  [12/62] Fetched 600/3093 repos (cost: 1 point, remaining: 4236)
  [13/62] Fetched 650/3093 repos (cost: 1 point, remaining: 4235)
  [14/62] Fetched 700/3093 repos (cost: 1 point, remaining: 4232)
  [15/62] Fetched 750/3093 repos (cost: 1 point, remaining: 4228)
  [16/62] Fetched 800/3093 repos (cost: 1 point, remaining: 4225)
  [17/62] Fetched 850/3093 repos (cost: 1 point, remaining: 4222)
  [18/62] Fetched 900/3093 repos (cost: 1 point, remaining: 4219)
  [19/62] Fetched 950/3093 repos (cost: 1 point, remaining: 4214)
  [20/62] Fetched 1000/3093 repos (cost: 1 point, remaining: 4209)
  [21/62] Fetched 1050/3093 repos (cost: 1 point, remaining: 4204)
  [22/62] Fetched 1100/3093 repos (cost: 1 point, remaining: 4202)
  [23/62] Fetched 1150/3093 repos (cost: 1 point, remaining: 4199)
  [24/62] Fetched 1200/3093 repos (cost: 1 point, remaining: 4193)
  [25/62] Fetched 1250/3093 repos (cost: 1 point, remaining: 4190)
  [26/62] Fetched 1300/3093 repos (cost: 1 point, remaining: 4188)
  [27/62] Fetched 1350/3093 repos (cost: 1 point, remaining: 4185)
  [28/62] Fetched 1400/3093 repos (cost: 1 point, remaining: 4183)
  [29/62] Fetched 1450/3093 repos (cost: 1 point, remaining: 4178)
  [30/62] Fetched 1500/3093 repos (cost: 1 point, remaining: 4173)
  [31/62] Fetched 1550/3093 repos (cost: 1 point, remaining: 4171)
  [32/62] Fetched 1600/3093 repos (cost: 1 point, remaining: 4167)
  [33/62] Fetched 1650/3093 repos (cost: 1 point, remaining: 4161)
  [34/62] Fetched 1700/3093 repos (cost: 1 point, remaining: 4158)
  [35/62] Fetched 1750/3093 repos (cost: 1 point, remaining: 4152)
  [36/62] Fetched 1800/3093 repos (cost: 1 point, remaining: 4147)
  [37/62] Fetched 1850/3093 repos (cost: 1 point, remaining: 4139)
  [38/62] Fetched 1900/3093 repos (cost: 1 point, remaining: 4136)
  [39/62] Fetched 1950/3093 repos (cost: 1 point, remaining: 4130)
  [40/62] Fetched 2000/3093 repos (cost: 1 point, remaining: 4097)
  [41/62] Fetched 2050/3093 repos (cost: 1 point, remaining: 4091)
  [42/62] Fetched 2100/3093 repos (cost: 1 point, remaining: 4087)
  [43/62] Fetched 2150/3093 repos (cost: 1 point, remaining: 4082)
  [44/62] Fetched 2200/3093 repos (cost: 1 point, remaining: 4078)
  [45/62] Fetched 2250/3093 repos (cost: 1 point, remaining: 4067)
  [46/62] Fetched 2300/3093 repos (cost: 1 point, remaining: 4060)
  [47/62] Fetched 2350/3093 repos (cost: 1 point, remaining: 4052)
  [48/62] Fetched 2400/3093 repos (cost: 1 point, remaining: 4048)
  [49/62] Fetched 2450/3093 repos (cost: 1 point, remaining: 4041)
  [50/62] Fetched 2500/3093 repos (cost: 1 point, remaining: 4031)
  [51/62] Fetched 2550/3093 repos (cost: 1 point, remaining: 4021)
  [52/62] Fetched 2600/3093 repos (cost: 1 point, remaining: 4016)
  [53/62] Fetched 2650/3093 repos (cost: 1 point, remaining: 4003)
  [54/62] Fetched 2700/3093 repos (cost: 1 point, remaining: 3977)
  [55/62] Fetched 2750/3093 repos (cost: 1 point, remaining: 3971)
  [56/62] Fetched 2800/3093 repos (cost: 1 point, remaining: 3967)
  [57/62] Fetched 2850/3093 repos (cost: 1 point, remaining: 3961)
  [58/62] Fetched 2900/3093 repos (cost: 1 point, remaining: 3901)
Audit error: fetching org repos: org query page 59: GraphQL API returned 403: {
  "documentation_url": "https://docs.github.com/graphql/overview/rate-limits-and-node-limits-for-the-graphql-api#secondary-rate-limits",
  "message": "You have exceeded a secondary rate limit. Please wait a few minutes before you try again. For more on scraping GitHub and how it may affect your rights, please review our Terms of Service (https://docs.github.com/en/site-policy/github-terms/github-terms-of-service) If you reach out to GitHub Support for help, please include the request ID BBC6:1ADB0E:FA1CE5:DC284B:69C61D16."
}
