Scanning aws...
  [1/11] Fetched 50/539 repos (cost: 1 point, remaining: 4985)
  [2/11] Fetched 100/539 repos (cost: 1 point, remaining: 4984)
  [3/11] Fetched 150/539 repos (cost: 1 point, remaining: 4983)
  [4/11] Fetched 200/539 repos (cost: 1 point, remaining: 4982)
  [5/11] Fetched 250/539 repos (cost: 1 point, remaining: 4981)
  [6/11] Fetched 300/539 repos (cost: 1 point, remaining: 4980)
  [7/11] Fetched 350/539 repos (cost: 1 point, remaining: 4979)
  [8/11] Fetched 400/539 repos (cost: 1 point, remaining: 4978)
  [9/11] Fetched 450/539 repos (cost: 1 point, remaining: 4977)
  [10/11] Fetched 500/539 repos (cost: 1 point, remaining: 4976)
  [11/11] Fetched 539/539 repos (cost: 1 point, remaining: 4975)

Analyzing 1830 workflow files...
  Found 7863 action references across 259 unique actions.

Checking upstream action security (259 actions)...
  [50/259] checking immutable releases...
  [100/259] checking immutable releases...
  [150/259] checking immutable releases...
  [200/259] checking immutable releases...
  Warning: could not check ./tools: releases API returned 404 for ./tools: {"message":"Not Found","documentation_url":"https://docs.github.com/rest/repos/repos#get-a-repository","status":"404"}
  [250/259] checking immutable releases...
  [259/259] checking immutable releases...

Checking org policy...
  admin:org scope not available, skipping policy check.
