Scanning googlecloudplatform...
  [1/30] Fetched 50/1464 repos (cost: 1 point, remaining: 4911)
  [2/30] Fetched 100/1464 repos (cost: 1 point, remaining: 4910)
  [3/30] Fetched 150/1464 repos (cost: 1 point, remaining: 4909)
  [4/30] Fetched 200/1464 repos (cost: 1 point, remaining: 4908)
  [5/30] Fetched 250/1464 repos (cost: 1 point, remaining: 4907)
  [6/30] Fetched 300/1464 repos (cost: 1 point, remaining: 4906)
  [7/30] Fetched 350/1464 repos (cost: 1 point, remaining: 4905)
  [8/30] Fetched 400/1464 repos (cost: 1 point, remaining: 4904)
  [9/30] Fetched 450/1464 repos (cost: 1 point, remaining: 4903)
  [10/30] Fetched 500/1464 repos (cost: 1 point, remaining: 4902)
  [11/30] Fetched 550/1464 repos (cost: 1 point, remaining: 4901)
  [12/30] Fetched 600/1464 repos (cost: 1 point, remaining: 4900)
  [13/30] Fetched 650/1464 repos (cost: 1 point, remaining: 4899)
  [14/30] Fetched 700/1464 repos (cost: 1 point, remaining: 4898)
  [15/30] Fetched 750/1464 repos (cost: 1 point, remaining: 4897)
  [16/30] Fetched 800/1464 repos (cost: 1 point, remaining: 4896)
  [17/30] Fetched 850/1464 repos (cost: 1 point, remaining: 4895)
  [18/30] Fetched 900/1464 repos (cost: 1 point, remaining: 4894)
  [19/30] Fetched 950/1464 repos (cost: 1 point, remaining: 4893)
  [20/30] Fetched 1000/1464 repos (cost: 1 point, remaining: 4891)
  [21/30] Fetched 1050/1464 repos (cost: 1 point, remaining: 4887)
  [22/30] Fetched 1100/1464 repos (cost: 1 point, remaining: 4880)
  [23/30] Fetched 1150/1464 repos (cost: 1 point, remaining: 4879)
  [24/30] Fetched 1200/1464 repos (cost: 1 point, remaining: 4878)
  [25/30] Fetched 1250/1464 repos (cost: 1 point, remaining: 4877)
  [26/30] Fetched 1300/1464 repos (cost: 1 point, remaining: 4876)
  [27/30] Fetched 1350/1464 repos (cost: 1 point, remaining: 4875)
  [28/30] Fetched 1400/1464 repos (cost: 1 point, remaining: 4874)
  [29/30] Fetched 1450/1464 repos (cost: 1 point, remaining: 4873)
  [30/30] Fetched 1464/1464 repos (cost: 1 point, remaining: 4872)

Analyzing 1157 workflow files...
  Found 4372 action references across 185 unique actions.

Checking upstream action security (185 actions)...
  [50/185] checking immutable releases...
  [100/185] checking immutable releases...
  [150/185] checking immutable releases...
  Warning: could not check renovatebot/forking-renovate: releases API returned 404 for renovatebot/forking-renovate: {"message":"Not Found","documentation_url":"https://docs.github.com/rest/releases/releases#list-releases","status":"404"}
  [185/185] checking immutable releases...

Checking org policy...
  admin:org scope not available, skipping policy check.
