Scanning microsoft...
  [1/155] Fetched 50/7707 repos (cost: 1 point, remaining: 4096)
  [2/155] Fetched 100/7707 repos (cost: 1 point, remaining: 4092)
  [3/155] Fetched 150/7707 repos (cost: 1 point, remaining: 4089)
  [4/155] Fetched 200/7707 repos (cost: 1 point, remaining: 4084)
  [5/155] Fetched 250/7707 repos (cost: 1 point, remaining: 4077)
  [6/155] Fetched 300/7707 repos (cost: 1 point, remaining: 4070)
  [7/155] Fetched 350/7707 repos (cost: 1 point, remaining: 4064)
  [8/155] Fetched 400/7707 repos (cost: 1 point, remaining: 4058)
  [9/155] Fetched 450/7707 repos (cost: 1 point, remaining: 4051)
  [10/155] Fetched 500/7707 repos (cost: 1 point, remaining: 4044)
  [11/155] Fetched 550/7707 repos (cost: 1 point, remaining: 4038)
  [12/155] Fetched 600/7707 repos (cost: 1 point, remaining: 4032)
  [13/155] Fetched 650/7707 repos (cost: 1 point, remaining: 3983)
  [14/155] Fetched 700/7707 repos (cost: 1 point, remaining: 3976)
  [15/155] Fetched 750/7707 repos (cost: 1 point, remaining: 3969)
  [16/155] Fetched 800/7707 repos (cost: 1 point, remaining: 3964)
  [17/155] Fetched 850/7707 repos (cost: 1 point, remaining: 3957)
  [18/155] Fetched 900/7707 repos (cost: 1 point, remaining: 3955)
  [19/155] Fetched 950/7707 repos (cost: 1 point, remaining: 3951)
  [20/155] Fetched 1000/7707 repos (cost: 1 point, remaining: 3916)
  [21/155] Fetched 1050/7707 repos (cost: 1 point, remaining: 3900)
  [22/155] Fetched 1100/7707 repos (cost: 1 point, remaining: 3895)
  [23/155] Fetched 1150/7707 repos (cost: 1 point, remaining: 3885)
  [24/155] Fetched 1200/7707 repos (cost: 1 point, remaining: 3876)
  [25/155] Fetched 1250/7707 repos (cost: 1 point, remaining: 3869)
  [26/155] Fetched 1300/7707 repos (cost: 1 point, remaining: 3866)
  [27/155] Fetched 1350/7707 repos (cost: 1 point, remaining: 3861)
  [28/155] Fetched 1400/7707 repos (cost: 1 point, remaining: 3858)
  [29/155] Fetched 1450/7707 repos (cost: 1 point, remaining: 3853)
  [30/155] Fetched 1500/7707 repos (cost: 1 point, remaining: 3851)
  [31/155] Fetched 1550/7707 repos (cost: 1 point, remaining: 3850)
  [32/155] Fetched 1600/7707 repos (cost: 1 point, remaining: 3848)
  [33/155] Fetched 1650/7707 repos (cost: 1 point, remaining: 3842)
  [34/155] Fetched 1700/7707 repos (cost: 1 point, remaining: 3835)
  [35/155] Fetched 1750/7707 repos (cost: 1 point, remaining: 3832)
  [36/155] Fetched 1800/7707 repos (cost: 1 point, remaining: 3826)
  [37/155] Fetched 1850/7707 repos (cost: 1 point, remaining: 3821)
  [38/155] Fetched 1900/7707 repos (cost: 1 point, remaining: 3815)
  [39/155] Fetched 1950/7707 repos (cost: 1 point, remaining: 3810)
  [40/155] Fetched 2000/7707 repos (cost: 1 point, remaining: 3809)
  [41/155] Fetched 2050/7707 repos (cost: 1 point, remaining: 3808)
  [42/155] Fetched 2100/7707 repos (cost: 1 point, remaining: 3805)
  [43/155] Fetched 2150/7707 repos (cost: 1 point, remaining: 3801)
  [44/155] Fetched 2200/7707 repos (cost: 1 point, remaining: 3795)
  [45/155] Fetched 2250/7707 repos (cost: 1 point, remaining: 3789)
  [46/155] Fetched 2300/7707 repos (cost: 1 point, remaining: 3786)
  [47/155] Fetched 2350/7707 repos (cost: 1 point, remaining: 3778)
  [48/155] Fetched 2400/7707 repos (cost: 1 point, remaining: 3775)
  [49/155] Fetched 2450/7707 repos (cost: 1 point, remaining: 3773)
  [50/155] Fetched 2500/7707 repos (cost: 1 point, remaining: 3769)
  [51/155] Fetched 2550/7707 repos (cost: 1 point, remaining: 3756)
  [52/155] Fetched 2600/7707 repos (cost: 1 point, remaining: 3753)
  [53/155] Fetched 2650/7707 repos (cost: 1 point, remaining: 3750)
Audit error: fetching org repos: org query page 54: GraphQL API returned 502: <html>
<head><title>502 Bad Gateway</title></head>
<body>
<center><h1>502 Bad Gateway</h1></center>
<hr><center>nginx</center>
</body>
</html>

